17:17:04.354 [main] INFO  com.intuit.karate.Runner - using system property 'karate.options': --tags @deleteOrder
17:17:05.072 [main] DEBUG com.intuit.karate.Suite - [config] classpath:karate-config.js
17:17:05.078 [main] DEBUG com.intuit.karate.Suite - waiting for 3 features to complete
17:17:05.787 [pool-1-thread-1] INFO  com.intuit.karate - karate.env system property was: null 
17:17:05.816 [pool-1-thread-1] INFO  com.intuit.karate - >> lock acquired, begin callSingle: login.feature@login
17:17:05.818 [pool-1-thread-1] INFO  c.intuit.karate.core.FeatureRuntime - classpath:examples/features/login.feature - call by tag at line 7: login
17:17:06.073 [pool-1-thread-1] DEBUG com.intuit.karate - request:
1 > POST https://simple-books-api.glitch.me/api-clients
1 > Content-Type: application/json; charset=UTF-8
1 > Content-Length: 76
1 > Host: simple-books-api.glitch.me
1 > Connection: Keep-Alive
1 > User-Agent: Apache-HttpClient/4.5.14 (Java/17.0.11)
1 > Accept-Encoding: gzip,deflate
{"clientName":"youness","clientEmail":"youness0.9735971806565465@gmail.com"}

17:17:06.993 [pool-1-thread-1] DEBUG com.intuit.karate - response time in milliseconds: 904
1 < 201
1 < Date: Wed, 25 Sep 2024 16:17:06 GMT
1 < Content-Type: application/json; charset=utf-8
1 < Content-Length: 82
1 < Connection: keep-alive
1 < x-powered-by: Express
1 < etag: W/"52-oHDy0Q1JxvFNua/Ie0+HsiaknwY"
{"accessToken":"a7b652ab402a5e57e15798fd2780adf6b0b20832c6817c637e9c0886c2e151b9"}

17:17:06.995 [pool-1-thread-1] INFO  com.intuit.karate - << lock released, cached callSingle: login.feature@login
17:17:07.000 [pool-1-thread-1] INFO  com.intuit.karate - >> lock acquired, begin callSingle: utils.feature@getBooks
17:17:07.001 [pool-1-thread-1] INFO  c.intuit.karate.core.FeatureRuntime - classpath:examples/features/utils.feature - call by tag at line 8: getBooks
17:17:07.005 [pool-1-thread-1] DEBUG com.intuit.karate - request:
1 > GET https://simple-books-api.glitch.me/books
1 > Host: simple-books-api.glitch.me
1 > Connection: Keep-Alive
1 > User-Agent: Apache-HttpClient/4.5.14 (Java/17.0.11)
1 > Accept-Encoding: gzip,deflate


17:17:07.448 [pool-1-thread-1] DEBUG com.intuit.karate - response time in milliseconds: 441
1 < 200
1 < Date: Wed, 25 Sep 2024 16:17:07 GMT
1 < Content-Type: application/json; charset=utf-8
1 < Content-Length: 417
1 < Connection: keep-alive
1 < x-powered-by: Express
1 < etag: W/"1a1-MfqhfTYtZO2sguD1mJq8Vf41WjU"
[{"id":1,"name":"The Russian","type":"fiction","available":true},{"id":2,"name":"Just as I Am","type":"non-fiction","available":false},{"id":3,"name":"The Vanishing Half","type":"fiction","available":true},{"id":4,"name":"The Midnight Library","type":"fiction","available":true},{"id":5,"name":"Untamed","type":"non-fiction","available":true},{"id":6,"name":"Viscount Who Loved Me","type":"fiction","available":true}]

17:17:07.451 [pool-1-thread-1] INFO  com.intuit.karate - << lock released, cached callSingle: utils.feature@getBooks
17:17:07.455 [pool-1-thread-1] ERROR com.intuit.karate - classpath:examples/features/users.feature:21
* configure afterFeature
"""
function(){
  karate.log('after feature:', karate.feature.name)
}
"""
no step-definition method match found for: configure afterFeature
classpath:examples/features/users.feature:21
17:17:07.461 [pool-1-thread-1] INFO  com.intuit.karate - after scenario: Delete order 
17:17:07.889 [pool-2-thread-1] INFO  com.intuit.karate.Suite - <<fail>> feature 2 of 3 (1 remaining) classpath:examples/features/users.feature
